<?xml version="1.0" encoding="UTF-8"?>
<!-- Generated by org.testng.reporters.JUnitReportReporter -->
<testsuite hostname="LAPTOP-ERTT7HBN" failures="0" tests="1" name="automation.Scenario" time="4.146" errors="0" timestamp="2023-01-11T09:40:18 EST" skipped="0">
  <testcase classname="automation.Scenario" name="userupdatecalvalues" time="4.146"/>
  <system-out/>
</testsuite> <!-- automation.Scenario -->
